CRITICAL - 2023-09-02 20:04:58 --> Your zlib.output_compression ini directive is turned on. This will not work well with output buffers.
in APPPATH\Config\Events.php on line 29.
 1 APPPATH\Config\Events.php(29): CodeIgniter\Exceptions\FrameworkException::forEnabledZlibOutputCompression()
 2 SYSTEMPATH\Events\Events.php(152): CodeIgniter\Events\Events::Config\{closure}()
 3 SYSTEMPATH\CodeIgniter.php(434): CodeIgniter\Events\Events::trigger('pre_system')
 4 SYSTEMPATH\CodeIgniter.php(353): CodeIgniter\CodeIgniter->handleRequest(null, Object(Config\Cache), false)
 5 FCPATH\index.php(79): CodeIgniter\CodeIgniter->run()
 6 SYSTEMPATH\Commands\Server\rewrite.php(47): require_once('D:\\laragon\\www\\testujian\\public\\index.php')
CRITICAL - 2023-09-02 20:06:59 --> Your zlib.output_compression ini directive is turned on. This will not work well with output buffers.
in APPPATH\Config\Events.php on line 29.
 1 APPPATH\Config\Events.php(29): CodeIgniter\Exceptions\FrameworkException::forEnabledZlibOutputCompression()
 2 SYSTEMPATH\Events\Events.php(152): CodeIgniter\Events\Events::Config\{closure}()
 3 SYSTEMPATH\CodeIgniter.php(434): CodeIgniter\Events\Events::trigger('pre_system')
 4 SYSTEMPATH\CodeIgniter.php(353): CodeIgniter\CodeIgniter->handleRequest(null, Object(Config\Cache), false)
 5 FCPATH\index.php(79): CodeIgniter\CodeIgniter->run()
 6 SYSTEMPATH\Commands\Server\rewrite.php(47): require_once('D:\\laragon\\www\\testujian\\public\\index.php')
CRITICAL - 2023-09-02 20:07:16 --> Your zlib.output_compression ini directive is turned on. This will not work well with output buffers.
in APPPATH\Config\Events.php on line 29.
 1 APPPATH\Config\Events.php(29): CodeIgniter\Exceptions\FrameworkException::forEnabledZlibOutputCompression()
 2 SYSTEMPATH\Events\Events.php(152): CodeIgniter\Events\Events::Config\{closure}()
 3 SYSTEMPATH\CodeIgniter.php(434): CodeIgniter\Events\Events::trigger('pre_system')
 4 SYSTEMPATH\CodeIgniter.php(353): CodeIgniter\CodeIgniter->handleRequest(null, Object(Config\Cache), false)
 5 FCPATH\index.php(79): CodeIgniter\CodeIgniter->run()
 6 SYSTEMPATH\Commands\Server\rewrite.php(47): require_once('D:\\laragon\\www\\testujian\\public\\index.php')
ERROR - 2023-09-02 20:17:46 --> ErrorException: SQLite3::query(): Unable to prepare statement: 1, no such table: db_users in D:\laragon\www\testujian\system\Database\SQLite3\Connection.php:146
Stack trace:
#0 [internal function]: CodeIgniter\Debug\Exceptions->errorHandler(2, 'SQLite3::query(...', 'D:\\laragon\\www\\...', 146)
#1 D:\laragon\www\testujian\system\Database\SQLite3\Connection.php(146): SQLite3->query('SELECT 1\nFROM `...')
#2 D:\laragon\www\testujian\system\Database\BaseConnection.php(692): CodeIgniter\Database\SQLite3\Connection->execute('SELECT 1\nFROM `...')
#3 D:\laragon\www\testujian\system\Database\BaseConnection.php(606): CodeIgniter\Database\BaseConnection->simpleQuery('SELECT 1\nFROM `...')
#4 D:\laragon\www\testujian\system\Database\BaseBuilder.php(1616): CodeIgniter\Database\BaseConnection->query('SELECT 1\nFROM `...', Array, false)
#5 D:\laragon\www\testujian\system\Validation\StrictRules\Rules.php(206): CodeIgniter\Database\BaseBuilder->get()
#6 D:\laragon\www\testujian\system\Validation\Validation.php(309): CodeIgniter\Validation\StrictRules\Rules->is_unique('wiblink@yahoo.c...', 'user_email', Array, NULL, 'email')
#7 D:\laragon\www\testujian\system\Validation\Validation.php(195): CodeIgniter\Validation\Validation->processRules('email', 'email', 'wiblink@yahoo.c...', Array, Array)
#8 D:\laragon\www\testujian\system\Controller.php(150): CodeIgniter\Validation\Validation->run()
#9 D:\laragon\www\testujian\app\Controllers\Register.php(28): CodeIgniter\Controller->validate(Array)
#10 D:\laragon\www\testujian\system\CodeIgniter.php(915): App\Controllers\Register->save()
#11 D:\laragon\www\testujian\system\CodeIgniter.php(492): CodeIgniter\CodeIgniter->runController(Object(App\Controllers\Register))
#12 D:\laragon\www\testujian\system\CodeIgniter.php(353): CodeIgniter\CodeIgniter->handleRequest(NULL, Object(Config\Cache), false)
#13 D:\laragon\www\testujian\public\index.php(79): CodeIgniter\CodeIgniter->run()
#14 D:\laragon\www\testujian\system\Commands\Server\rewrite.php(47): require_once('D:\\laragon\\www\\...')
#15 {main}
CRITICAL - 2023-09-02 20:17:46 --> SQLite3::query(): Unable to prepare statement: 1, no such table: db_users
in SYSTEMPATH\Database\BaseConnection.php on line 646.
 1 SYSTEMPATH\Database\BaseBuilder.php(1616): CodeIgniter\Database\BaseConnection->query('SELECT 1
FROM `db_users`
WHERE `user_email` = :user_email:
 LIMIT 1', [...], false)
 2 SYSTEMPATH\Validation\StrictRules\Rules.php(206): CodeIgniter\Database\BaseBuilder->get()
 3 SYSTEMPATH\Validation\Validation.php(309): CodeIgniter\Validation\StrictRules\Rules->is_unique('wiblink@yahoo.com', 'user_email', [...], null, 'email')
 4 SYSTEMPATH\Validation\Validation.php(195): CodeIgniter\Validation\Validation->processRules('email', 'email', 'wiblink@yahoo.com', [...], [...])
 5 SYSTEMPATH\Controller.php(150): CodeIgniter\Validation\Validation->run()
 6 APPPATH\Controllers\Register.php(28): CodeIgniter\Controller->validate([...])
 7 SYSTEMPATH\CodeIgniter.php(915): App\Controllers\Register->save()
 8 SYSTEMPATH\CodeIgniter.php(492): CodeIgniter\CodeIgniter->runController(Object(App\Controllers\Register))
 9 SYSTEMPATH\CodeIgniter.php(353): CodeIgniter\CodeIgniter->handleRequest(null, Object(Config\Cache), false)
10 FCPATH\index.php(79): CodeIgniter\CodeIgniter->run()
11 SYSTEMPATH\Commands\Server\rewrite.php(47): require_once('D:\\laragon\\www\\testujian\\public\\index.php')
CRITICAL - 2023-09-02 20:22:03 --> Your zlib.output_compression ini directive is turned on. This will not work well with output buffers.
in APPPATH\Config\Events.php on line 29.
 1 APPPATH\Config\Events.php(29): CodeIgniter\Exceptions\FrameworkException::forEnabledZlibOutputCompression()
 2 SYSTEMPATH\Events\Events.php(152): CodeIgniter\Events\Events::Config\{closure}()
 3 SYSTEMPATH\CodeIgniter.php(434): CodeIgniter\Events\Events::trigger('pre_system')
 4 SYSTEMPATH\CodeIgniter.php(353): CodeIgniter\CodeIgniter->handleRequest(null, Object(Config\Cache), false)
 5 FCPATH\index.php(79): CodeIgniter\CodeIgniter->run()
 6 SYSTEMPATH\Commands\Server\rewrite.php(47): require_once('D:\\laragon\\www\\testujian\\public\\index.php')
CRITICAL - 2023-09-02 20:22:50 --> Your zlib.output_compression ini directive is turned on. This will not work well with output buffers.
in APPPATH\Config\Events.php on line 29.
 1 APPPATH\Config\Events.php(29): CodeIgniter\Exceptions\FrameworkException::forEnabledZlibOutputCompression()
 2 SYSTEMPATH\Events\Events.php(152): CodeIgniter\Events\Events::Config\{closure}()
 3 SYSTEMPATH\CodeIgniter.php(434): CodeIgniter\Events\Events::trigger('pre_system')
 4 SYSTEMPATH\CodeIgniter.php(353): CodeIgniter\CodeIgniter->handleRequest(null, Object(Config\Cache), false)
 5 FCPATH\index.php(79): CodeIgniter\CodeIgniter->run()
 6 SYSTEMPATH\Commands\Server\rewrite.php(47): require_once('D:\\laragon\\www\\testujian\\public\\index.php')
ERROR - 2023-09-02 20:23:29 --> ErrorException: SQLite3::query(): Unable to prepare statement: 1, no such table: db_users in D:\laragon\www\testujian\system\Database\SQLite3\Connection.php:146
Stack trace:
#0 [internal function]: CodeIgniter\Debug\Exceptions->errorHandler(2, 'SQLite3::query(...', 'D:\\laragon\\www\\...', 146)
#1 D:\laragon\www\testujian\system\Database\SQLite3\Connection.php(146): SQLite3->query('SELECT 1\nFROM `...')
#2 D:\laragon\www\testujian\system\Database\BaseConnection.php(692): CodeIgniter\Database\SQLite3\Connection->execute('SELECT 1\nFROM `...')
#3 D:\laragon\www\testujian\system\Database\BaseConnection.php(606): CodeIgniter\Database\BaseConnection->simpleQuery('SELECT 1\nFROM `...')
#4 D:\laragon\www\testujian\system\Database\BaseBuilder.php(1616): CodeIgniter\Database\BaseConnection->query('SELECT 1\nFROM `...', Array, false)
#5 D:\laragon\www\testujian\system\Validation\StrictRules\Rules.php(206): CodeIgniter\Database\BaseBuilder->get()
#6 D:\laragon\www\testujian\system\Validation\Validation.php(309): CodeIgniter\Validation\StrictRules\Rules->is_unique('trdth@hg.com', 'user_email', Array, NULL, 'email')
#7 D:\laragon\www\testujian\system\Validation\Validation.php(195): CodeIgniter\Validation\Validation->processRules('email', 'email', 'trdth@hg.com', Array, Array)
#8 D:\laragon\www\testujian\system\Controller.php(150): CodeIgniter\Validation\Validation->run()
#9 D:\laragon\www\testujian\app\Controllers\Register.php(28): CodeIgniter\Controller->validate(Array)
#10 D:\laragon\www\testujian\system\CodeIgniter.php(915): App\Controllers\Register->save()
#11 D:\laragon\www\testujian\system\CodeIgniter.php(492): CodeIgniter\CodeIgniter->runController(Object(App\Controllers\Register))
#12 D:\laragon\www\testujian\system\CodeIgniter.php(353): CodeIgniter\CodeIgniter->handleRequest(NULL, Object(Config\Cache), false)
#13 D:\laragon\www\testujian\public\index.php(79): CodeIgniter\CodeIgniter->run()
#14 D:\laragon\www\testujian\system\Commands\Server\rewrite.php(47): require_once('D:\\laragon\\www\\...')
#15 {main}
CRITICAL - 2023-09-02 20:23:29 --> SQLite3::query(): Unable to prepare statement: 1, no such table: db_users
in SYSTEMPATH\Database\BaseConnection.php on line 646.
 1 SYSTEMPATH\Database\BaseBuilder.php(1616): CodeIgniter\Database\BaseConnection->query('SELECT 1
FROM `db_users`
WHERE `user_email` = :user_email:
 LIMIT 1', [...], false)
 2 SYSTEMPATH\Validation\StrictRules\Rules.php(206): CodeIgniter\Database\BaseBuilder->get()
 3 SYSTEMPATH\Validation\Validation.php(309): CodeIgniter\Validation\StrictRules\Rules->is_unique('trdth@hg.com', 'user_email', [...], null, 'email')
 4 SYSTEMPATH\Validation\Validation.php(195): CodeIgniter\Validation\Validation->processRules('email', 'email', 'trdth@hg.com', [...], [...])
 5 SYSTEMPATH\Controller.php(150): CodeIgniter\Validation\Validation->run()
 6 APPPATH\Controllers\Register.php(28): CodeIgniter\Controller->validate([...])
 7 SYSTEMPATH\CodeIgniter.php(915): App\Controllers\Register->save()
 8 SYSTEMPATH\CodeIgniter.php(492): CodeIgniter\CodeIgniter->runController(Object(App\Controllers\Register))
 9 SYSTEMPATH\CodeIgniter.php(353): CodeIgniter\CodeIgniter->handleRequest(null, Object(Config\Cache), false)
10 FCPATH\index.php(79): CodeIgniter\CodeIgniter->run()
11 SYSTEMPATH\Commands\Server\rewrite.php(47): require_once('D:\\laragon\\www\\testujian\\public\\index.php')
CRITICAL - 2023-09-02 20:25:13 --> tests is not a valid database connection group.
in SYSTEMPATH\Database\Config.php on line 69.
 1 SYSTEMPATH\Validation\StrictRules\Rules.php(193): CodeIgniter\Database\Config::connect('tests')
 2 SYSTEMPATH\Validation\Validation.php(309): CodeIgniter\Validation\StrictRules\Rules->is_unique('hgjyhg@jh.com', 'user_email', [...], null, 'email')
 3 SYSTEMPATH\Validation\Validation.php(195): CodeIgniter\Validation\Validation->processRules('email', 'email', 'hgjyhg@jh.com', [...], [...])
 4 SYSTEMPATH\Controller.php(150): CodeIgniter\Validation\Validation->run()
 5 APPPATH\Controllers\Register.php(28): CodeIgniter\Controller->validate([...])
 6 SYSTEMPATH\CodeIgniter.php(915): App\Controllers\Register->save()
 7 SYSTEMPATH\CodeIgniter.php(492): CodeIgniter\CodeIgniter->runController(Object(App\Controllers\Register))
 8 SYSTEMPATH\CodeIgniter.php(353): CodeIgniter\CodeIgniter->handleRequest(null, Object(Config\Cache), false)
 9 FCPATH\index.php(79): CodeIgniter\CodeIgniter->run()
10 SYSTEMPATH\Commands\Server\rewrite.php(47): require_once('D:\\laragon\\www\\testujian\\public\\index.php')
CRITICAL - 2023-09-02 20:26:42 --> Your zlib.output_compression ini directive is turned on. This will not work well with output buffers.
in APPPATH\Config\Events.php on line 29.
 1 APPPATH\Config\Events.php(29): CodeIgniter\Exceptions\FrameworkException::forEnabledZlibOutputCompression()
 2 SYSTEMPATH\Events\Events.php(152): CodeIgniter\Events\Events::Config\{closure}()
 3 SYSTEMPATH\CodeIgniter.php(434): CodeIgniter\Events\Events::trigger('pre_system')
 4 SYSTEMPATH\CodeIgniter.php(353): CodeIgniter\CodeIgniter->handleRequest(null, Object(Config\Cache), false)
 5 FCPATH\index.php(79): CodeIgniter\CodeIgniter->run()
 6 SYSTEMPATH\Commands\Server\rewrite.php(47): require_once('D:\\laragon\\www\\testujian\\public\\index.php')
INFO - 2023-09-02 20:31:27 --> Session: Class initialized using 'CodeIgniter\Session\Handlers\FileHandler' driver.
INFO - 2023-09-02 20:32:30 --> Session: Class initialized using 'CodeIgniter\Session\Handlers\FileHandler' driver.
INFO - 2023-09-02 20:33:35 --> Session: Class initialized using 'CodeIgniter\Session\Handlers\FileHandler' driver.
INFO - 2023-09-02 20:33:36 --> Session: Class initialized using 'CodeIgniter\Session\Handlers\FileHandler' driver.
INFO - 2023-09-02 20:34:59 --> Session: Class initialized using 'CodeIgniter\Session\Handlers\FileHandler' driver.
INFO - 2023-09-02 20:34:59 --> Session: Class initialized using 'CodeIgniter\Session\Handlers\FileHandler' driver.
INFO - 2023-09-02 20:35:02 --> Session: Class initialized using 'CodeIgniter\Session\Handlers\FileHandler' driver.
INFO - 2023-09-02 20:35:02 --> Session: Class initialized using 'CodeIgniter\Session\Handlers\FileHandler' driver.
INFO - 2023-09-02 20:35:03 --> Session: Class initialized using 'CodeIgniter\Session\Handlers\FileHandler' driver.
INFO - 2023-09-02 20:35:11 --> Session: Class initialized using 'CodeIgniter\Session\Handlers\FileHandler' driver.
INFO - 2023-09-02 20:35:11 --> Session: Class initialized using 'CodeIgniter\Session\Handlers\FileHandler' driver.
INFO - 2023-09-02 20:37:48 --> Session: Class initialized using 'CodeIgniter\Session\Handlers\FileHandler' driver.
INFO - 2023-09-02 20:38:00 --> Session: Class initialized using 'CodeIgniter\Session\Handlers\FileHandler' driver.
INFO - 2023-09-02 20:39:45 --> Session: Class initialized using 'CodeIgniter\Session\Handlers\FileHandler' driver.
INFO - 2023-09-02 20:39:45 --> Session: Class initialized using 'CodeIgniter\Session\Handlers\FileHandler' driver.
INFO - 2023-09-02 20:40:40 --> Session: Class initialized using 'CodeIgniter\Session\Handlers\FileHandler' driver.
INFO - 2023-09-02 20:40:41 --> Session: Class initialized using 'CodeIgniter\Session\Handlers\FileHandler' driver.
INFO - 2023-09-02 20:40:55 --> Session: Class initialized using 'CodeIgniter\Session\Handlers\FileHandler' driver.
INFO - 2023-09-02 20:40:55 --> Session: Class initialized using 'CodeIgniter\Session\Handlers\FileHandler' driver.
INFO - 2023-09-02 20:41:54 --> Session: Class initialized using 'CodeIgniter\Session\Handlers\FileHandler' driver.
INFO - 2023-09-02 20:41:59 --> Session: Class initialized using 'CodeIgniter\Session\Handlers\FileHandler' driver.
INFO - 2023-09-02 20:41:59 --> Session: Class initialized using 'CodeIgniter\Session\Handlers\FileHandler' driver.
INFO - 2023-09-02 20:42:02 --> Session: Class initialized using 'CodeIgniter\Session\Handlers\FileHandler' driver.
INFO - 2023-09-02 20:42:02 --> Session: Class initialized using 'CodeIgniter\Session\Handlers\FileHandler' driver.
INFO - 2023-09-02 20:42:04 --> Session: Class initialized using 'CodeIgniter\Session\Handlers\FileHandler' driver.
